[debug] [2023-05-23T05:36:04.227Z] ----------------------------------------------------------------------
[debug] [2023-05-23T05:36:04.229Z] Command:       C:\Program Files\nodejs\node.exe C:\Users\Admin\AppData\Roaming\npm\node_modules\firebase-tools\lib\bin\firebase.js deploy
[debug] [2023-05-23T05:36:04.230Z] CLI Version:   12.1.0
[debug] [2023-05-23T05:36:04.230Z] Platform:      win32
[debug] [2023-05-23T05:36:04.230Z] Node Version:  v18.12.1
[debug] [2023-05-23T05:36:04.231Z] Time:          Tue May 23 2023 11:06:04 GMT+0530 (India Standard Time)
[debug] [2023-05-23T05:36:04.231Z] ----------------------------------------------------------------------
[debug] 
[debug] [2023-05-23T05:36:04.456Z] > command requires scopes: ["email","openid","https://www.googleapis.com/auth/cloudplatformprojects.readonly","https://www.googleapis.com/auth/firebase","https://www.googleapis.com/auth/cloud-platform"]
[debug] [2023-05-23T05:36:04.459Z] > authorizing via signed-in user (srivathsananim@gmail.com)
[debug] [2023-05-23T05:36:04.459Z] [iam] checking project clearhire-d91d9 for permissions ["cloudfunctions.functions.create","cloudfunctions.functions.delete","cloudfunctions.functions.get","cloudfunctions.functions.list","cloudfunctions.functions.update","cloudfunctions.operations.get","datastore.indexes.create","datastore.indexes.delete","datastore.indexes.list","datastore.indexes.update","firebase.projects.get","firebaserules.releases.create","firebaserules.releases.update","firebaserules.rulesets.create"]
[debug] [2023-05-23T05:36:04.467Z] >>> [apiv2][query] POST https://cloudresourcemanager.googleapis.com/v1/projects/clearhire-d91d9:testIamPermissions [none]
[debug] [2023-05-23T05:36:04.468Z] >>> [apiv2][(partial)header] POST https://cloudresourcemanager.googleapis.com/v1/projects/clearhire-d91d9:testIamPermissions x-goog-quota-user=projects/clearhire-d91d9
[debug] [2023-05-23T05:36:04.469Z] >>> [apiv2][body] POST https://cloudresourcemanager.googleapis.com/v1/projects/clearhire-d91d9:testIamPermissions {"permissions":["cloudfunctions.functions.create","cloudfunctions.functions.delete","cloudfunctions.functions.get","cloudfunctions.functions.list","cloudfunctions.functions.update","cloudfunctions.operations.get","datastore.indexes.create","datastore.indexes.delete","datastore.indexes.list","datastore.indexes.update","firebase.projects.get","firebaserules.releases.create","firebaserules.releases.update","firebaserules.rulesets.create"]}
[debug] [2023-05-23T05:36:05.095Z] <<< [apiv2][status] POST https://cloudresourcemanager.googleapis.com/v1/projects/clearhire-d91d9:testIamPermissions 200
[debug] [2023-05-23T05:36:05.096Z] <<< [apiv2][body] POST https://cloudresourcemanager.googleapis.com/v1/projects/clearhire-d91d9:testIamPermissions {"permissions":["cloudfunctions.functions.create","cloudfunctions.functions.delete","cloudfunctions.functions.get","cloudfunctions.functions.list","cloudfunctions.functions.update","cloudfunctions.operations.get","datastore.indexes.create","datastore.indexes.delete","datastore.indexes.list","datastore.indexes.update","firebase.projects.get","firebaserules.releases.create","firebaserules.releases.update","firebaserules.rulesets.create"]}
[debug] [2023-05-23T05:36:05.098Z] >>> [apiv2][query] POST https://iam.googleapis.com/v1/projects/clearhire-d91d9/serviceAccounts/clearhire-d91d9@appspot.gserviceaccount.com:testIamPermissions [none]
[debug] [2023-05-23T05:36:05.099Z] >>> [apiv2][body] POST https://iam.googleapis.com/v1/projects/clearhire-d91d9/serviceAccounts/clearhire-d91d9@appspot.gserviceaccount.com:testIamPermissions {"permissions":["iam.serviceAccounts.actAs"]}
[debug] [2023-05-23T05:36:06.774Z] <<< [apiv2][status] POST https://iam.googleapis.com/v1/projects/clearhire-d91d9/serviceAccounts/clearhire-d91d9@appspot.gserviceaccount.com:testIamPermissions 200
[debug] [2023-05-23T05:36:06.775Z] <<< [apiv2][body] POST https://iam.googleapis.com/v1/projects/clearhire-d91d9/serviceAccounts/clearhire-d91d9@appspot.gserviceaccount.com:testIamPermissions {"permissions":["iam.serviceAccounts.actAs"]}
[info] 
[info] === Deploying to 'clearhire-d91d9'...
[info] 
[info] i  deploying storage, firestore, functions 
[debug] [2023-05-23T05:36:06.789Z] >>> [apiv2][query] GET https://appengine.googleapis.com/v1/apps/clearhire-d91d9 [none]
[debug] [2023-05-23T05:36:07.596Z] <<< [apiv2][status] GET https://appengine.googleapis.com/v1/apps/clearhire-d91d9 200
[debug] [2023-05-23T05:36:07.596Z] <<< [apiv2][body] GET https://appengine.googleapis.com/v1/apps/clearhire-d91d9 {"name":"apps/clearhire-d91d9","id":"clearhire-d91d9","authDomain":"gmail.com","locationId":"us-central","codeBucket":"staging.clearhire-d91d9.appspot.com","servingStatus":"SERVING","defaultHostname":"clearhire-d91d9.uc.r.appspot.com","defaultBucket":"clearhire-d91d9.appspot.com","serviceAccount":"clearhire-d91d9@appspot.gserviceaccount.com","gcrDomain":"us.gcr.io","databaseType":"CLOUD_FIRESTORE","featureSettings":{"splitHealthChecks":true,"useContainerOptimizedOs":true}}
[info] i  firebase.storage: checking storage.rules for compilation errors... 
[debug] [2023-05-23T05:36:07.604Z] >>> [apiv2][query] POST https://firebaserules.googleapis.com/v1/projects/clearhire-d91d9:test [none]
[debug] [2023-05-23T05:36:07.605Z] >>> [apiv2][body] POST https://firebaserules.googleapis.com/v1/projects/clearhire-d91d9:test [omitted]
[debug] [2023-05-23T05:36:09.122Z] <<< [apiv2][status] POST https://firebaserules.googleapis.com/v1/projects/clearhire-d91d9:test 200
[debug] [2023-05-23T05:36:09.122Z] <<< [apiv2][body] POST https://firebaserules.googleapis.com/v1/projects/clearhire-d91d9:test {}
[info] +  firebase.storage: rules file storage.rules compiled successfully 
[info] i  firestore: reading indexes from firestore.indexes.json... 
[info] i  cloud.firestore: checking firestore.rules for compilation errors... 
[debug] [2023-05-23T05:36:09.135Z] >>> [apiv2][query] POST https://firebaserules.googleapis.com/v1/projects/clearhire-d91d9:test [none]
[debug] [2023-05-23T05:36:09.135Z] >>> [apiv2][body] POST https://firebaserules.googleapis.com/v1/projects/clearhire-d91d9:test [omitted]
[debug] [2023-05-23T05:36:10.616Z] <<< [apiv2][status] POST https://firebaserules.googleapis.com/v1/projects/clearhire-d91d9:test 200
[debug] [2023-05-23T05:36:10.616Z] <<< [apiv2][body] POST https://firebaserules.googleapis.com/v1/projects/clearhire-d91d9:test {}
[info] +  cloud.firestore: rules file firestore.rules compiled successfully 
[debug] [2023-05-23T05:36:10.620Z] >>> [apiv2][query] GET https://firebase.googleapis.com/v1beta1/projects/clearhire-d91d9 [none]
[debug] [2023-05-23T05:36:11.895Z] <<< [apiv2][status] GET https://firebase.googleapis.com/v1beta1/projects/clearhire-d91d9 200
[debug] [2023-05-23T05:36:11.895Z] <<< [apiv2][body] GET https://firebase.googleapis.com/v1beta1/projects/clearhire-d91d9 {"projectId":"clearhire-d91d9","projectNumber":"910930623340","displayName":"ClearHire","name":"projects/clearhire-d91d9","resources":{"hostingSite":"clearhire-d91d9","storageBucket":"clearhire-d91d9.appspot.com","locationId":"us-central"},"state":"ACTIVE","etag":"1_e0c51923-6e5f-4cfc-8d6a-ea3329212cef"}
[info] i  functions: preparing codebase default for deployment 
[info] i  functions: ensuring required API cloudfunctions.googleapis.com is enabled... 
[info] i  functions: ensuring required API cloudbuild.googleapis.com is enabled... 
[info] i  artifactregistry: ensuring required API artifactregistry.googleapis.com is enabled... 
[debug] [2023-05-23T05:36:11.899Z] >>> [apiv2][query] GET https://serviceusage.googleapis.com/v1/projects/clearhire-d91d9/services/cloudfunctions.googleapis.com [none]
[debug] [2023-05-23T05:36:11.900Z] >>> [apiv2][(partial)header] GET https://serviceusage.googleapis.com/v1/projects/clearhire-d91d9/services/cloudfunctions.googleapis.com x-goog-quota-user=projects/clearhire-d91d9
[debug] [2023-05-23T05:36:11.901Z] >>> [apiv2][query] GET https://serviceusage.googleapis.com/v1/projects/clearhire-d91d9/services/runtimeconfig.googleapis.com [none]
[debug] [2023-05-23T05:36:11.901Z] >>> [apiv2][(partial)header] GET https://serviceusage.googleapis.com/v1/projects/clearhire-d91d9/services/runtimeconfig.googleapis.com x-goog-quota-user=projects/clearhire-d91d9
[debug] [2023-05-23T05:36:11.903Z] >>> [apiv2][query] GET https://serviceusage.googleapis.com/v1/projects/clearhire-d91d9/services/cloudbuild.googleapis.com [none]
[debug] [2023-05-23T05:36:11.903Z] >>> [apiv2][(partial)header] GET https://serviceusage.googleapis.com/v1/projects/clearhire-d91d9/services/cloudbuild.googleapis.com x-goog-quota-user=projects/clearhire-d91d9
[debug] [2023-05-23T05:36:11.905Z] >>> [apiv2][query] GET https://serviceusage.googleapis.com/v1/projects/clearhire-d91d9/services/artifactregistry.googleapis.com [none]
[debug] [2023-05-23T05:36:11.905Z] >>> [apiv2][(partial)header] GET https://serviceusage.googleapis.com/v1/projects/clearhire-d91d9/services/artifactregistry.googleapis.com x-goog-quota-user=projects/clearhire-d91d9
[debug] [2023-05-23T05:36:13.753Z] <<< [apiv2][status] GET https://serviceusage.googleapis.com/v1/projects/clearhire-d91d9/services/artifactregistry.googleapis.com 200
[debug] [2023-05-23T05:36:13.754Z] <<< [apiv2][body] GET https://serviceusage.googleapis.com/v1/projects/clearhire-d91d9/services/artifactregistry.googleapis.com [omitted]
[info] +  artifactregistry: required API artifactregistry.googleapis.com is enabled 
[debug] [2023-05-23T05:36:13.762Z] <<< [apiv2][status] GET https://serviceusage.googleapis.com/v1/projects/clearhire-d91d9/services/cloudfunctions.googleapis.com 200
[debug] [2023-05-23T05:36:13.763Z] <<< [apiv2][body] GET https://serviceusage.googleapis.com/v1/projects/clearhire-d91d9/services/cloudfunctions.googleapis.com [omitted]
[info] +  functions: required API cloudfunctions.googleapis.com is enabled 
[debug] [2023-05-23T05:36:13.796Z] <<< [apiv2][status] GET https://serviceusage.googleapis.com/v1/projects/clearhire-d91d9/services/cloudbuild.googleapis.com 200
[debug] [2023-05-23T05:36:13.796Z] <<< [apiv2][body] GET https://serviceusage.googleapis.com/v1/projects/clearhire-d91d9/services/cloudbuild.googleapis.com [omitted]
[info] +  functions: required API cloudbuild.googleapis.com is enabled 
[debug] [2023-05-23T05:36:13.841Z] <<< [apiv2][status] GET https://serviceusage.googleapis.com/v1/projects/clearhire-d91d9/services/runtimeconfig.googleapis.com 200
[debug] [2023-05-23T05:36:13.841Z] <<< [apiv2][body] GET https://serviceusage.googleapis.com/v1/projects/clearhire-d91d9/services/runtimeconfig.googleapis.com [omitted]
[debug] [2023-05-23T05:36:13.842Z] >>> [apiv2][query] GET https://firebase.googleapis.com/v1beta1/projects/clearhire-d91d9/adminSdkConfig [none]
[debug] [2023-05-23T05:36:15.075Z] <<< [apiv2][status] GET https://firebase.googleapis.com/v1beta1/projects/clearhire-d91d9/adminSdkConfig 200
[debug] [2023-05-23T05:36:15.076Z] <<< [apiv2][body] GET https://firebase.googleapis.com/v1beta1/projects/clearhire-d91d9/adminSdkConfig {"projectId":"clearhire-d91d9","storageBucket":"clearhire-d91d9.appspot.com","locationId":"us-central"}
[debug] [2023-05-23T05:36:15.078Z] >>> [apiv2][query] GET https://runtimeconfig.googleapis.com/v1beta1/projects/clearhire-d91d9/configs [none]
[debug] [2023-05-23T05:36:16.032Z] <<< [apiv2][status] GET https://runtimeconfig.googleapis.com/v1beta1/projects/clearhire-d91d9/configs 200
[debug] [2023-05-23T05:36:16.033Z] <<< [apiv2][body] GET https://runtimeconfig.googleapis.com/v1beta1/projects/clearhire-d91d9/configs {}
[debug] [2023-05-23T05:36:16.038Z] Validating nodejs source
[debug] [2023-05-23T05:36:18.197Z] > [functions] package.json contents: {
  "name": "functions",
  "description": "Cloud Functions for Firebase",
  "scripts": {
    "serve": "firebase emulators:start --only functions",
    "shell": "firebase functions:shell",
    "start": "npm run shell",
    "deploy": "firebase deploy --only functions",
    "logs": "firebase functions:log"
  },
  "engines": {
    "node": "18"
  },
  "main": "index.js",
  "dependencies": {
    "dotenv": "^16.0.3",
    "firebase-admin": "^11.8.0",
    "firebase-functions": "^4.3.1",
    "nodemailer": "^6.9.2"
  },
  "devDependencies": {
    "firebase-functions-test": "^3.1.0"
  },
  "private": true
}
[debug] [2023-05-23T05:36:18.197Z] Building nodejs source
[debug] [2023-05-23T05:36:18.198Z] Could not find functions.yaml. Must use http discovery
[debug] [2023-05-23T05:36:18.209Z] Found firebase-functions binary at 'D:\Projects\ClearHire-1\functions\node_modules\.bin\firebase-functions'
[debug] [2023-05-23T05:36:18.728Z] Serving at port 8154

[debug] [2023-05-23T05:36:19.157Z] Got response from /__/functions.yaml {"endpoints":{"sendMail":{"platform":"gcfv1","availableMemoryMb":null,"timeoutSeconds":null,"minInstances":null,"maxInstances":null,"ingressSettings":null,"serviceAccountEmail":null,"vpc":null,"httpsTrigger":{},"entryPoint":"sendMail"}},"specVersion":"v1alpha1","requiredAPIs":[]}
[debug] [2023-05-23T05:36:19.168Z] shutdown requested via /__/quitquitquit

[info] i  functions: Loaded environment variables from .env. 
[info] i  functions: preparing functions directory for uploading... 
[info] i  functions: packaged D:\Projects\ClearHire-1\functions (65.23 KB) for uploading 
[debug] [2023-05-23T05:36:19.270Z] >>> [apiv2][query] GET https://cloudfunctions.googleapis.com/v1/projects/clearhire-d91d9/locations/-/functions [none]
[debug] [2023-05-23T05:36:20.211Z] <<< [apiv2][status] GET https://cloudfunctions.googleapis.com/v1/projects/clearhire-d91d9/locations/-/functions 200
[debug] [2023-05-23T05:36:20.212Z] <<< [apiv2][body] GET https://cloudfunctions.googleapis.com/v1/projects/clearhire-d91d9/locations/-/functions {}
[debug] [2023-05-23T05:36:20.215Z] >>> [apiv2][query] GET https://cloudfunctions.googleapis.com/v2/projects/clearhire-d91d9/locations/-/functions filter=environment%3D%22GEN_2%22
[debug] [2023-05-23T05:36:21.178Z] <<< [apiv2][status] GET https://cloudfunctions.googleapis.com/v2/projects/clearhire-d91d9/locations/-/functions 200
[debug] [2023-05-23T05:36:21.180Z] <<< [apiv2][body] GET https://cloudfunctions.googleapis.com/v2/projects/clearhire-d91d9/locations/-/functions {}
[debug] [2023-05-23T05:36:21.211Z] >>> [apiv2][query] GET https://firebase.googleapis.com/v1beta1/projects/clearhire-d91d9 [none]
[debug] [2023-05-23T05:36:21.886Z] <<< [apiv2][status] GET https://firebase.googleapis.com/v1beta1/projects/clearhire-d91d9 200
[debug] [2023-05-23T05:36:21.887Z] <<< [apiv2][body] GET https://firebase.googleapis.com/v1beta1/projects/clearhire-d91d9 {"projectId":"clearhire-d91d9","projectNumber":"910930623340","displayName":"ClearHire","name":"projects/clearhire-d91d9","resources":{"hostingSite":"clearhire-d91d9","storageBucket":"clearhire-d91d9.appspot.com","locationId":"us-central"},"state":"ACTIVE","etag":"1_e0c51923-6e5f-4cfc-8d6a-ea3329212cef"}
[debug] [2023-05-23T05:36:21.892Z] >>> [apiv2][query] GET https://firebaserules.googleapis.com/v1/projects/clearhire-d91d9/releases pageSize=10&pageToken=
[debug] [2023-05-23T05:36:23.418Z] <<< [apiv2][status] GET https://firebaserules.googleapis.com/v1/projects/clearhire-d91d9/releases 200
[debug] [2023-05-23T05:36:23.419Z] <<< [apiv2][body] GET https://firebaserules.googleapis.com/v1/projects/clearhire-d91d9/releases {"releases":[{"name":"projects/clearhire-d91d9/releases/cloud.firestore","rulesetName":"projects/clearhire-d91d9/rulesets/bf92fe1e-0b82-4130-b340-9f7561d53e8b","createTime":"2023-03-27T08:16:47.713334Z","updateTime":"2023-05-23T05:59:42.677529Z"},{"name":"projects/clearhire-d91d9/releases/firebase.storage/clearhire-d91d9.appspot.com","rulesetName":"projects/clearhire-d91d9/rulesets/ae648364-f25e-428e-8d84-ae50975ed4ac","createTime":"2023-03-27T08:18:01.864017Z","updateTime":"2023-05-23T05:59:41.089964Z"}]}
[debug] [2023-05-23T05:36:23.467Z] >>> [apiv2][query] GET https://firebaserules.googleapis.com/v1/projects/clearhire-d91d9/rulesets/ae648364-f25e-428e-8d84-ae50975ed4ac [none]
[debug] [2023-05-23T05:36:24.049Z] <<< [apiv2][status] GET https://firebaserules.googleapis.com/v1/projects/clearhire-d91d9/rulesets/ae648364-f25e-428e-8d84-ae50975ed4ac 200
[debug] [2023-05-23T05:36:24.050Z] <<< [apiv2][body] GET https://firebaserules.googleapis.com/v1/projects/clearhire-d91d9/rulesets/ae648364-f25e-428e-8d84-ae50975ed4ac [omitted]
[info] i  storage: latest version of storage.rules already up to date, skipping upload... 
[info] i  firestore: deploying indexes... 
[debug] [2023-05-23T05:36:24.055Z] >>> [apiv2][query] GET https://firebaserules.googleapis.com/v1/projects/clearhire-d91d9/releases pageSize=10&pageToken=
[debug] [2023-05-23T05:36:24.059Z] >>> [apiv2][query] GET https://firestore.googleapis.com/v1/projects/clearhire-d91d9/databases/(default)/collectionGroups/-/indexes [none]
[debug] [2023-05-23T05:36:25.655Z] <<< [apiv2][status] GET https://firebaserules.googleapis.com/v1/projects/clearhire-d91d9/releases 200
[debug] [2023-05-23T05:36:25.658Z] <<< [apiv2][body] GET https://firebaserules.googleapis.com/v1/projects/clearhire-d91d9/releases {"releases":[{"name":"projects/clearhire-d91d9/releases/cloud.firestore","rulesetName":"projects/clearhire-d91d9/rulesets/bf92fe1e-0b82-4130-b340-9f7561d53e8b","createTime":"2023-03-27T08:16:47.713334Z","updateTime":"2023-05-23T05:59:42.677529Z"},{"name":"projects/clearhire-d91d9/releases/firebase.storage/clearhire-d91d9.appspot.com","rulesetName":"projects/clearhire-d91d9/rulesets/ae648364-f25e-428e-8d84-ae50975ed4ac","createTime":"2023-03-27T08:18:01.864017Z","updateTime":"2023-05-23T05:59:41.089964Z"}]}
[debug] [2023-05-23T05:36:25.659Z] >>> [apiv2][query] GET https://firebaserules.googleapis.com/v1/projects/clearhire-d91d9/rulesets/bf92fe1e-0b82-4130-b340-9f7561d53e8b [none]
[debug] [2023-05-23T05:36:25.775Z] <<< [apiv2][status] GET https://firestore.googleapis.com/v1/projects/clearhire-d91d9/databases/(default)/collectionGroups/-/indexes 200
[debug] [2023-05-23T05:36:25.775Z] <<< [apiv2][body] GET https://firestore.googleapis.com/v1/projects/clearhire-d91d9/databases/(default)/collectionGroups/-/indexes {}
[debug] [2023-05-23T05:36:25.776Z] >>> [apiv2][query] GET https://firestore.googleapis.com/v1/projects/clearhire-d91d9/databases/(default)/collectionGroups/-/fields?filter=indexConfig.usesAncestorConfig=false OR ttlConfig:* [none]
[debug] [2023-05-23T05:36:27.159Z] <<< [apiv2][status] GET https://firebaserules.googleapis.com/v1/projects/clearhire-d91d9/rulesets/bf92fe1e-0b82-4130-b340-9f7561d53e8b 200
[debug] [2023-05-23T05:36:27.160Z] <<< [apiv2][body] GET https://firebaserules.googleapis.com/v1/projects/clearhire-d91d9/rulesets/bf92fe1e-0b82-4130-b340-9f7561d53e8b [omitted]
[info] i  firestore: latest version of firestore.rules already up to date, skipping upload... 
[debug] [2023-05-23T05:36:27.437Z] <<< [apiv2][status] GET https://firestore.googleapis.com/v1/projects/clearhire-d91d9/databases/(default)/collectionGroups/-/fields?filter=indexConfig.usesAncestorConfig=false OR ttlConfig:* 200
[debug] [2023-05-23T05:36:27.441Z] <<< [apiv2][body] GET https://firestore.googleapis.com/v1/projects/clearhire-d91d9/databases/(default)/collectionGroups/-/fields?filter=indexConfig.usesAncestorConfig=false OR ttlConfig:* {"fields":[{"name":"projects/clearhire-d91d9/databases/(default)/collectionGroups/__default__/fields/*","indexConfig":{"indexes":[{"queryScope":"COLLECTION","fields":[{"fieldPath":"*","order":"ASCENDING"}],"state":"READY"},{"queryScope":"COLLECTION","fields":[{"fieldPath":"*","order":"DESCENDING"}],"state":"READY"},{"queryScope":"COLLECTION","fields":[{"fieldPath":"*","arrayConfig":"CONTAINS"}],"state":"READY"}]}}]}
[info] +  firestore: deployed indexes in firestore.indexes.json successfully for (default) database 
[debug] [2023-05-23T05:36:27.448Z] [functions] found 1 new HTTP functions, testing setIamPolicy permission...
[debug] [2023-05-23T05:36:27.449Z] >>> [apiv2][query] POST https://cloudresourcemanager.googleapis.com/v1/projects/clearhire-d91d9:testIamPermissions [none]
[debug] [2023-05-23T05:36:27.449Z] >>> [apiv2][(partial)header] POST https://cloudresourcemanager.googleapis.com/v1/projects/clearhire-d91d9:testIamPermissions x-goog-quota-user=projects/clearhire-d91d9
[debug] [2023-05-23T05:36:27.450Z] >>> [apiv2][body] POST https://cloudresourcemanager.googleapis.com/v1/projects/clearhire-d91d9:testIamPermissions {"permissions":["cloudfunctions.functions.setIamPolicy"]}
[debug] [2023-05-23T05:36:28.862Z] <<< [apiv2][status] POST https://cloudresourcemanager.googleapis.com/v1/projects/clearhire-d91d9:testIamPermissions 200
[debug] [2023-05-23T05:36:28.863Z] <<< [apiv2][body] POST https://cloudresourcemanager.googleapis.com/v1/projects/clearhire-d91d9:testIamPermissions {"permissions":["cloudfunctions.functions.setIamPolicy"]}
[debug] [2023-05-23T05:36:28.863Z] [functions] found setIamPolicy permission, proceeding with deploy
[debug] [2023-05-23T05:36:28.866Z] >>> [apiv2][query] POST https://cloudfunctions.googleapis.com/v1/projects/clearhire-d91d9/locations/us-central1/functions:generateUploadUrl [none]
[debug] [2023-05-23T05:36:28.867Z] >>> [apiv2][body] POST https://cloudfunctions.googleapis.com/v1/projects/clearhire-d91d9/locations/us-central1/functions:generateUploadUrl {}
[debug] [2023-05-23T05:36:29.716Z] <<< [apiv2][status] POST https://cloudfunctions.googleapis.com/v1/projects/clearhire-d91d9/locations/us-central1/functions:generateUploadUrl 200
[debug] [2023-05-23T05:36:29.717Z] <<< [apiv2][body] POST https://cloudfunctions.googleapis.com/v1/projects/clearhire-d91d9/locations/us-central1/functions:generateUploadUrl {"uploadUrl":"https://storage.googleapis.com/uploads-235584718755.us-central1.cloudfunctions.appspot.com/16be2e77-5796-4cdd-851e-95ecae08e430.zip?GoogleAccessId=service-910930623340@gcf-admin-robot.iam.gserviceaccount.com&Expires=1684823656&Signature=U9UebDwqo62yY4qMIdJnEsadewtY4MYeVhTaZv0ggDQ1qi56NERFHBHN9XRi%2Fl7EGn%2BniEIN%2FXvvq5SchJf8zyjGb9w3arkImtjlsqnzU74qRLHGtVNLZhHzE9K1p6nuwqcttwwg82Xixzoaw8J%2Fyl6pWOcOsC28U4AraGRFok4VUjgcwUoscQ3EDlIHU8Ix5qbLUwe2U5hXbOlYClYzdlZIh%2Fu8qHw6mQ2DqIo%2BHMjFD8zcsXxnVjJzQzrXazR%2BwEpcAJ7B4EYyjbds4sZ%2FYDRk%2FG0BFc7Yi%2BItLh6NI8Jp5Dn55hOLRDzOztxoQfTCxCozAIGHmknRvAxyeVj7fA%3D%3D"}
[debug] [2023-05-23T05:36:29.719Z] >>> [apiv2][query] PUT https://storage.googleapis.com/uploads-235584718755.us-central1.cloudfunctions.appspot.com/16be2e77-5796-4cdd-851e-95ecae08e430.zip GoogleAccessId=service-910930623340%40gcf-admin-robot.iam.gserviceaccount.com&Expires=1684823656&Signature=U9UebDwqo62yY4qMIdJnEsadewtY4MYeVhTaZv0ggDQ1qi56NERFHBHN9XRi%2Fl7EGn%2BniEIN%2FXvvq5SchJf8zyjGb9w3arkImtjlsqnzU74qRLHGtVNLZhHzE9K1p6nuwqcttwwg82Xixzoaw8J%2Fyl6pWOcOsC28U4AraGRFok4VUjgcwUoscQ3EDlIHU8Ix5qbLUwe2U5hXbOlYClYzdlZIh%2Fu8qHw6mQ2DqIo%2BHMjFD8zcsXxnVjJzQzrXazR%2BwEpcAJ7B4EYyjbds4sZ%2FYDRk%2FG0BFc7Yi%2BItLh6NI8Jp5Dn55hOLRDzOztxoQfTCxCozAIGHmknRvAxyeVj7fA%3D%3D
[debug] [2023-05-23T05:36:29.720Z] >>> [apiv2][body] PUT https://storage.googleapis.com/uploads-235584718755.us-central1.cloudfunctions.appspot.com/16be2e77-5796-4cdd-851e-95ecae08e430.zip [stream]
[debug] [2023-05-23T05:36:30.452Z] <<< [apiv2][status] PUT https://storage.googleapis.com/uploads-235584718755.us-central1.cloudfunctions.appspot.com/16be2e77-5796-4cdd-851e-95ecae08e430.zip 200
[debug] [2023-05-23T05:36:30.453Z] <<< [apiv2][body] PUT https://storage.googleapis.com/uploads-235584718755.us-central1.cloudfunctions.appspot.com/16be2e77-5796-4cdd-851e-95ecae08e430.zip [omitted]
[info] +  functions: functions folder uploaded successfully 
[debug] [2023-05-23T05:36:30.460Z] [rules] releasing firebase.storage/clearhire-d91d9.appspot.com with ruleset projects/clearhire-d91d9/rulesets/ae648364-f25e-428e-8d84-ae50975ed4ac
[debug] [2023-05-23T05:36:30.463Z] >>> [apiv2][query] PATCH https://firebaserules.googleapis.com/v1/projects/clearhire-d91d9/releases/firebase.storage/clearhire-d91d9.appspot.com [none]
[debug] [2023-05-23T05:36:30.464Z] >>> [apiv2][body] PATCH https://firebaserules.googleapis.com/v1/projects/clearhire-d91d9/releases/firebase.storage/clearhire-d91d9.appspot.com {"release":{"name":"projects/clearhire-d91d9/releases/firebase.storage/clearhire-d91d9.appspot.com","rulesetName":"projects/clearhire-d91d9/rulesets/ae648364-f25e-428e-8d84-ae50975ed4ac"}}
[debug] [2023-05-23T05:36:32.050Z] <<< [apiv2][status] PATCH https://firebaserules.googleapis.com/v1/projects/clearhire-d91d9/releases/firebase.storage/clearhire-d91d9.appspot.com 200
[debug] [2023-05-23T05:36:32.050Z] <<< [apiv2][body] PATCH https://firebaserules.googleapis.com/v1/projects/clearhire-d91d9/releases/firebase.storage/clearhire-d91d9.appspot.com {"name":"projects/clearhire-d91d9/releases/firebase.storage/clearhire-d91d9.appspot.com","rulesetName":"projects/clearhire-d91d9/rulesets/ae648364-f25e-428e-8d84-ae50975ed4ac","createTime":"2023-03-27T08:18:01.864017Z","updateTime":"2023-05-23T06:04:18.486001Z"}
[debug] [2023-05-23T05:36:32.050Z] [rules] updated release projects/clearhire-d91d9/releases/firebase.storage/clearhire-d91d9.appspot.com
[info] +  storage: released rules storage.rules to firebase.storage 
[debug] [2023-05-23T05:36:32.051Z] [rules] releasing cloud.firestore/(default) with ruleset projects/clearhire-d91d9/rulesets/bf92fe1e-0b82-4130-b340-9f7561d53e8b
[debug] [2023-05-23T05:36:32.052Z] >>> [apiv2][query] PATCH https://firebaserules.googleapis.com/v1/projects/clearhire-d91d9/releases/cloud.firestore/(default) [none]
[debug] [2023-05-23T05:36:32.052Z] >>> [apiv2][body] PATCH https://firebaserules.googleapis.com/v1/projects/clearhire-d91d9/releases/cloud.firestore/(default) {"release":{"name":"projects/clearhire-d91d9/releases/cloud.firestore/(default)","rulesetName":"projects/clearhire-d91d9/rulesets/bf92fe1e-0b82-4130-b340-9f7561d53e8b"}}
[debug] [2023-05-23T05:36:33.653Z] <<< [apiv2][status] PATCH https://firebaserules.googleapis.com/v1/projects/clearhire-d91d9/releases/cloud.firestore/(default) 200
[debug] [2023-05-23T05:36:33.654Z] <<< [apiv2][body] PATCH https://firebaserules.googleapis.com/v1/projects/clearhire-d91d9/releases/cloud.firestore/(default) {"name":"projects/clearhire-d91d9/releases/cloud.firestore","rulesetName":"projects/clearhire-d91d9/rulesets/bf92fe1e-0b82-4130-b340-9f7561d53e8b","createTime":"2023-03-27T08:16:47.713334Z","updateTime":"2023-05-23T06:04:20.092210Z"}
[debug] [2023-05-23T05:36:33.654Z] [rules] updated release projects/clearhire-d91d9/releases/cloud.firestore
[info] +  firestore: released rules firestore.rules to cloud.firestore 
[info] i  functions: creating Node.js 18 function sendMail(us-central1)... 
[debug] [2023-05-23T05:36:33.677Z] >>> [apiv2][query] POST https://cloudfunctions.googleapis.com/v1/projects/clearhire-d91d9/locations/us-central1/functions [none]
[debug] [2023-05-23T05:36:33.678Z] >>> [apiv2][body] POST https://cloudfunctions.googleapis.com/v1/projects/clearhire-d91d9/locations/us-central1/functions {"name":"projects/clearhire-d91d9/locations/us-central1/functions/sendMail","sourceUploadUrl":"https://storage.googleapis.com/uploads-235584718755.us-central1.cloudfunctions.appspot.com/16be2e77-5796-4cdd-851e-95ecae08e430.zip?GoogleAccessId=service-910930623340@gcf-admin-robot.iam.gserviceaccount.com&Expires=1684823656&Signature=U9UebDwqo62yY4qMIdJnEsadewtY4MYeVhTaZv0ggDQ1qi56NERFHBHN9XRi%2Fl7EGn%2BniEIN%2FXvvq5SchJf8zyjGb9w3arkImtjlsqnzU74qRLHGtVNLZhHzE9K1p6nuwqcttwwg82Xixzoaw8J%2Fyl6pWOcOsC28U4AraGRFok4VUjgcwUoscQ3EDlIHU8Ix5qbLUwe2U5hXbOlYClYzdlZIh%2Fu8qHw6mQ2DqIo%2BHMjFD8zcsXxnVjJzQzrXazR%2BwEpcAJ7B4EYyjbds4sZ%2FYDRk%2FG0BFc7Yi%2BItLh6NI8Jp5Dn55hOLRDzOztxoQfTCxCozAIGHmknRvAxyeVj7fA%3D%3D","entryPoint":"sendMail","runtime":"nodejs18","dockerRegistry":"ARTIFACT_REGISTRY","labels":{"deployment-tool":"cli-firebase","firebase-functions-hash":"adce1a8989e59334deb18a30037c89979b5a4495"},"httpsTrigger":{"securityLevel":"SECURE_ALWAYS"},"minInstances":null,"maxInstances":null,"ingressSettings":null,"environmentVariables":{"EMAIL":"teamboapp@gmail.com","PASSWORD":"hibuddycool1","FIREBASE_CONFIG":"{\"projectId\":\"clearhire-d91d9\",\"storageBucket\":\"clearhire-d91d9.appspot.com\",\"locationId\":\"us-central\"}","GCLOUD_PROJECT":"clearhire-d91d9","EVENTARC_CLOUD_EVENT_SOURCE":"projects/clearhire-d91d9/locations/us-central1/functions/sendMail"},"serviceAccountEmail":null,"availableMemoryMb":null,"timeout":null,"vpcConnector":null,"vpcConnectorEgressSettings":null,"buildEnvironmentVariables":{"GOOGLE_NODE_RUN_SCRIPTS":""}}
[debug] [2023-05-23T05:36:34.522Z] <<< [apiv2][status] POST https://cloudfunctions.googleapis.com/v1/projects/clearhire-d91d9/locations/us-central1/functions 200
[debug] [2023-05-23T05:36:34.523Z] <<< [apiv2][body] POST https://cloudfunctions.googleapis.com/v1/projects/clearhire-d91d9/locations/us-central1/functions {"name":"operations/Y2xlYXJoaXJlLWQ5MWQ5L3VzLWNlbnRyYWwxL3NlbmRNYWlsL0JSc0ZYWE5LZEpr","metadata":{"@type":"type.googleapis.com/google.cloud.functions.v1.OperationMetadataV1","target":"projects/clearhire-d91d9/locations/us-central1/functions/sendMail","type":"CREATE_FUNCTION","request":{"@type":"type.googleapis.com/google.cloud.functions.v1.CloudFunction","name":"projects/clearhire-d91d9/locations/us-central1/functions/sendMail","httpsTrigger":{"securityLevel":"SECURE_ALWAYS"},"entryPoint":"sendMail","labels":{"deployment-tool":"cli-firebase","firebase-functions-hash":"adce1a8989e59334deb18a30037c89979b5a4495"},"sourceUploadUrl":"https://storage.googleapis.com/uploads-235584718755.us-central1.cloudfunctions.appspot.com/16be2e77-5796-4cdd-851e-95ecae08e430.zip?GoogleAccessId=service-910930623340@gcf-admin-robot.iam.gserviceaccount.com&Expires=1684823656&Signature=U9UebDwqo62yY4qMIdJnEsadewtY4MYeVhTaZv0ggDQ1qi56NERFHBHN9XRi%2Fl7EGn%2BniEIN%2FXvvq5SchJf8zyjGb9w3arkImtjlsqnzU74qRLHGtVNLZhHzE9K1p6nuwqcttwwg82Xixzoaw8J%2Fyl6pWOcOsC28U4AraGRFok4VUjgcwUoscQ3EDlIHU8Ix5qbLUwe2U5hXbOlYClYzdlZIh%2Fu8qHw6mQ2DqIo%2BHMjFD8zcsXxnVjJzQzrXazR%2BwEpcAJ7B4EYyjbds4sZ%2FYDRk%2FG0BFc7Yi%2BItLh6NI8Jp5Dn55hOLRDzOztxoQfTCxCozAIGHmknRvAxyeVj7fA%3D%3D","environmentVariables":{"EMAIL":"teamboapp@gmail.com","PASSWORD":"hibuddycool1","FIREBASE_CONFIG":"{\"projectId\":\"clearhire-d91d9\",\"storageBucket\":\"clearhire-d91d9.appspot.com\",\"locationId\":\"us-central\"}","GCLOUD_PROJECT":"clearhire-d91d9","EVENTARC_CLOUD_EVENT_SOURCE":"projects/clearhire-d91d9/locations/us-central1/functions/sendMail"},"runtime":"nodejs18","buildEnvironmentVariables":{"GOOGLE_NODE_RUN_SCRIPTS":""},"dockerRegistry":"ARTIFACT_REGISTRY"},"versionId":"1","updateTime":"2023-05-23T06:04:20Z"}}
[debug] [2023-05-23T05:36:34.525Z] >>> [apiv2][query] GET https://cloudfunctions.googleapis.com/v1/operations/Y2xlYXJoaXJlLWQ5MWQ5L3VzLWNlbnRyYWwxL3NlbmRNYWlsL0JSc0ZYWE5LZEpr [none]
[debug] [2023-05-23T05:36:35.040Z] <<< [apiv2][status] GET https://cloudfunctions.googleapis.com/v1/operations/Y2xlYXJoaXJlLWQ5MWQ5L3VzLWNlbnRyYWwxL3NlbmRNYWlsL0JSc0ZYWE5LZEpr 200
[debug] [2023-05-23T05:36:35.041Z] <<< [apiv2][body] GET https://cloudfunctions.googleapis.com/v1/operations/Y2xlYXJoaXJlLWQ5MWQ5L3VzLWNlbnRyYWwxL3NlbmRNYWlsL0JSc0ZYWE5LZEpr {"name":"operations/Y2xlYXJoaXJlLWQ5MWQ5L3VzLWNlbnRyYWwxL3NlbmRNYWlsL0JSc0ZYWE5LZEpr","metadata":{"@type":"type.googleapis.com/google.cloud.functions.v1.OperationMetadataV1","target":"projects/clearhire-d91d9/locations/us-central1/functions/sendMail","type":"CREATE_FUNCTION","request":{"@type":"type.googleapis.com/google.cloud.functions.v1.CloudFunction","name":"projects/clearhire-d91d9/locations/us-central1/functions/sendMail","httpsTrigger":{"securityLevel":"SECURE_ALWAYS"},"entryPoint":"sendMail","labels":{"deployment-tool":"cli-firebase","firebase-functions-hash":"adce1a8989e59334deb18a30037c89979b5a4495"},"sourceUploadUrl":"https://storage.googleapis.com/uploads-235584718755.us-central1.cloudfunctions.appspot.com/16be2e77-5796-4cdd-851e-95ecae08e430.zip?GoogleAccessId=service-910930623340@gcf-admin-robot.iam.gserviceaccount.com&Expires=1684823656&Signature=U9UebDwqo62yY4qMIdJnEsadewtY4MYeVhTaZv0ggDQ1qi56NERFHBHN9XRi%2Fl7EGn%2BniEIN%2FXvvq5SchJf8zyjGb9w3arkImtjlsqnzU74qRLHGtVNLZhHzE9K1p6nuwqcttwwg82Xixzoaw8J%2Fyl6pWOcOsC28U4AraGRFok4VUjgcwUoscQ3EDlIHU8Ix5qbLUwe2U5hXbOlYClYzdlZIh%2Fu8qHw6mQ2DqIo%2BHMjFD8zcsXxnVjJzQzrXazR%2BwEpcAJ7B4EYyjbds4sZ%2FYDRk%2FG0BFc7Yi%2BItLh6NI8Jp5Dn55hOLRDzOztxoQfTCxCozAIGHmknRvAxyeVj7fA%3D%3D","environmentVariables":{"EMAIL":"teamboapp@gmail.com","PASSWORD":"hibuddycool1","FIREBASE_CONFIG":"{\"projectId\":\"clearhire-d91d9\",\"storageBucket\":\"clearhire-d91d9.appspot.com\",\"locationId\":\"us-central\"}","GCLOUD_PROJECT":"clearhire-d91d9","EVENTARC_CLOUD_EVENT_SOURCE":"projects/clearhire-d91d9/locations/us-central1/functions/sendMail"},"runtime":"nodejs18","buildEnvironmentVariables":{"GOOGLE_NODE_RUN_SCRIPTS":""},"dockerRegistry":"ARTIFACT_REGISTRY"},"versionId":"1","updateTime":"2023-05-23T06:04:21Z"}}
[debug] [2023-05-23T05:36:35.552Z] [create-default-us-central1-sendMail] Retrying task index 0
[debug] [2023-05-23T05:36:35.553Z] >>> [apiv2][query] GET https://cloudfunctions.googleapis.com/v1/operations/Y2xlYXJoaXJlLWQ5MWQ5L3VzLWNlbnRyYWwxL3NlbmRNYWlsL0JSc0ZYWE5LZEpr [none]
[debug] [2023-05-23T05:36:36.214Z] <<< [apiv2][status] GET https://cloudfunctions.googleapis.com/v1/operations/Y2xlYXJoaXJlLWQ5MWQ5L3VzLWNlbnRyYWwxL3NlbmRNYWlsL0JSc0ZYWE5LZEpr 200
[debug] [2023-05-23T05:36:36.214Z] <<< [apiv2][body] GET https://cloudfunctions.googleapis.com/v1/operations/Y2xlYXJoaXJlLWQ5MWQ5L3VzLWNlbnRyYWwxL3NlbmRNYWlsL0JSc0ZYWE5LZEpr {"name":"operations/Y2xlYXJoaXJlLWQ5MWQ5L3VzLWNlbnRyYWwxL3NlbmRNYWlsL0JSc0ZYWE5LZEpr","metadata":{"@type":"type.googleapis.com/google.cloud.functions.v1.OperationMetadataV1","target":"projects/clearhire-d91d9/locations/us-central1/functions/sendMail","type":"CREATE_FUNCTION","request":{"@type":"type.googleapis.com/google.cloud.functions.v1.CloudFunction","name":"projects/clearhire-d91d9/locations/us-central1/functions/sendMail","httpsTrigger":{"securityLevel":"SECURE_ALWAYS"},"entryPoint":"sendMail","labels":{"deployment-tool":"cli-firebase","firebase-functions-hash":"adce1a8989e59334deb18a30037c89979b5a4495"},"sourceUploadUrl":"https://storage.googleapis.com/uploads-235584718755.us-central1.cloudfunctions.appspot.com/16be2e77-5796-4cdd-851e-95ecae08e430.zip?GoogleAccessId=service-910930623340@gcf-admin-robot.iam.gserviceaccount.com&Expires=1684823656&Signature=U9UebDwqo62yY4qMIdJnEsadewtY4MYeVhTaZv0ggDQ1qi56NERFHBHN9XRi%2Fl7EGn%2BniEIN%2FXvvq5SchJf8zyjGb9w3arkImtjlsqnzU74qRLHGtVNLZhHzE9K1p6nuwqcttwwg82Xixzoaw8J%2Fyl6pWOcOsC28U4AraGRFok4VUjgcwUoscQ3EDlIHU8Ix5qbLUwe2U5hXbOlYClYzdlZIh%2Fu8qHw6mQ2DqIo%2BHMjFD8zcsXxnVjJzQzrXazR%2BwEpcAJ7B4EYyjbds4sZ%2FYDRk%2FG0BFc7Yi%2BItLh6NI8Jp5Dn55hOLRDzOztxoQfTCxCozAIGHmknRvAxyeVj7fA%3D%3D","environmentVariables":{"EMAIL":"teamboapp@gmail.com","PASSWORD":"hibuddycool1","FIREBASE_CONFIG":"{\"projectId\":\"clearhire-d91d9\",\"storageBucket\":\"clearhire-d91d9.appspot.com\",\"locationId\":\"us-central\"}","GCLOUD_PROJECT":"clearhire-d91d9","EVENTARC_CLOUD_EVENT_SOURCE":"projects/clearhire-d91d9/locations/us-central1/functions/sendMail"},"runtime":"nodejs18","buildEnvironmentVariables":{"GOOGLE_NODE_RUN_SCRIPTS":""},"dockerRegistry":"ARTIFACT_REGISTRY"},"versionId":"1","updateTime":"2023-05-23T06:04:21Z"}}
[debug] [2023-05-23T05:36:37.229Z] [create-default-us-central1-sendMail] Retrying task index 0
[debug] [2023-05-23T05:36:37.230Z] >>> [apiv2][query] GET https://cloudfunctions.googleapis.com/v1/operations/Y2xlYXJoaXJlLWQ5MWQ5L3VzLWNlbnRyYWwxL3NlbmRNYWlsL0JSc0ZYWE5LZEpr [none]
[debug] [2023-05-23T05:36:37.817Z] <<< [apiv2][status] GET https://cloudfunctions.googleapis.com/v1/operations/Y2xlYXJoaXJlLWQ5MWQ5L3VzLWNlbnRyYWwxL3NlbmRNYWlsL0JSc0ZYWE5LZEpr 200
[debug] [2023-05-23T05:36:37.818Z] <<< [apiv2][body] GET https://cloudfunctions.googleapis.com/v1/operations/Y2xlYXJoaXJlLWQ5MWQ5L3VzLWNlbnRyYWwxL3NlbmRNYWlsL0JSc0ZYWE5LZEpr {"name":"operations/Y2xlYXJoaXJlLWQ5MWQ5L3VzLWNlbnRyYWwxL3NlbmRNYWlsL0JSc0ZYWE5LZEpr","metadata":{"@type":"type.googleapis.com/google.cloud.functions.v1.OperationMetadataV1","target":"projects/clearhire-d91d9/locations/us-central1/functions/sendMail","type":"CREATE_FUNCTION","request":{"@type":"type.googleapis.com/google.cloud.functions.v1.CloudFunction","name":"projects/clearhire-d91d9/locations/us-central1/functions/sendMail","httpsTrigger":{"securityLevel":"SECURE_ALWAYS"},"entryPoint":"sendMail","labels":{"deployment-tool":"cli-firebase","firebase-functions-hash":"adce1a8989e59334deb18a30037c89979b5a4495"},"sourceUploadUrl":"https://storage.googleapis.com/uploads-235584718755.us-central1.cloudfunctions.appspot.com/16be2e77-5796-4cdd-851e-95ecae08e430.zip?GoogleAccessId=service-910930623340@gcf-admin-robot.iam.gserviceaccount.com&Expires=1684823656&Signature=U9UebDwqo62yY4qMIdJnEsadewtY4MYeVhTaZv0ggDQ1qi56NERFHBHN9XRi%2Fl7EGn%2BniEIN%2FXvvq5SchJf8zyjGb9w3arkImtjlsqnzU74qRLHGtVNLZhHzE9K1p6nuwqcttwwg82Xixzoaw8J%2Fyl6pWOcOsC28U4AraGRFok4VUjgcwUoscQ3EDlIHU8Ix5qbLUwe2U5hXbOlYClYzdlZIh%2Fu8qHw6mQ2DqIo%2BHMjFD8zcsXxnVjJzQzrXazR%2BwEpcAJ7B4EYyjbds4sZ%2FYDRk%2FG0BFc7Yi%2BItLh6NI8Jp5Dn55hOLRDzOztxoQfTCxCozAIGHmknRvAxyeVj7fA%3D%3D","environmentVariables":{"EMAIL":"teamboapp@gmail.com","PASSWORD":"hibuddycool1","FIREBASE_CONFIG":"{\"projectId\":\"clearhire-d91d9\",\"storageBucket\":\"clearhire-d91d9.appspot.com\",\"locationId\":\"us-central\"}","GCLOUD_PROJECT":"clearhire-d91d9","EVENTARC_CLOUD_EVENT_SOURCE":"projects/clearhire-d91d9/locations/us-central1/functions/sendMail"},"runtime":"nodejs18","buildEnvironmentVariables":{"GOOGLE_NODE_RUN_SCRIPTS":""},"dockerRegistry":"ARTIFACT_REGISTRY"},"versionId":"1","updateTime":"2023-05-23T06:04:21Z"}}
[debug] [2023-05-23T05:36:39.822Z] [create-default-us-central1-sendMail] Retrying task index 0
[debug] [2023-05-23T05:36:39.823Z] >>> [apiv2][query] GET https://cloudfunctions.googleapis.com/v1/operations/Y2xlYXJoaXJlLWQ5MWQ5L3VzLWNlbnRyYWwxL3NlbmRNYWlsL0JSc0ZYWE5LZEpr [none]
[debug] [2023-05-23T05:36:40.328Z] <<< [apiv2][status] GET https://cloudfunctions.googleapis.com/v1/operations/Y2xlYXJoaXJlLWQ5MWQ5L3VzLWNlbnRyYWwxL3NlbmRNYWlsL0JSc0ZYWE5LZEpr 200
[debug] [2023-05-23T05:36:40.329Z] <<< [apiv2][body] GET https://cloudfunctions.googleapis.com/v1/operations/Y2xlYXJoaXJlLWQ5MWQ5L3VzLWNlbnRyYWwxL3NlbmRNYWlsL0JSc0ZYWE5LZEpr {"name":"operations/Y2xlYXJoaXJlLWQ5MWQ5L3VzLWNlbnRyYWwxL3NlbmRNYWlsL0JSc0ZYWE5LZEpr","metadata":{"@type":"type.googleapis.com/google.cloud.functions.v1.OperationMetadataV1","target":"projects/clearhire-d91d9/locations/us-central1/functions/sendMail","type":"CREATE_FUNCTION","request":{"@type":"type.googleapis.com/google.cloud.functions.v1.CloudFunction","name":"projects/clearhire-d91d9/locations/us-central1/functions/sendMail","httpsTrigger":{"securityLevel":"SECURE_ALWAYS"},"entryPoint":"sendMail","labels":{"deployment-tool":"cli-firebase","firebase-functions-hash":"adce1a8989e59334deb18a30037c89979b5a4495"},"sourceUploadUrl":"https://storage.googleapis.com/uploads-235584718755.us-central1.cloudfunctions.appspot.com/16be2e77-5796-4cdd-851e-95ecae08e430.zip?GoogleAccessId=service-910930623340@gcf-admin-robot.iam.gserviceaccount.com&Expires=1684823656&Signature=U9UebDwqo62yY4qMIdJnEsadewtY4MYeVhTaZv0ggDQ1qi56NERFHBHN9XRi%2Fl7EGn%2BniEIN%2FXvvq5SchJf8zyjGb9w3arkImtjlsqnzU74qRLHGtVNLZhHzE9K1p6nuwqcttwwg82Xixzoaw8J%2Fyl6pWOcOsC28U4AraGRFok4VUjgcwUoscQ3EDlIHU8Ix5qbLUwe2U5hXbOlYClYzdlZIh%2Fu8qHw6mQ2DqIo%2BHMjFD8zcsXxnVjJzQzrXazR%2BwEpcAJ7B4EYyjbds4sZ%2FYDRk%2FG0BFc7Yi%2BItLh6NI8Jp5Dn55hOLRDzOztxoQfTCxCozAIGHmknRvAxyeVj7fA%3D%3D","environmentVariables":{"EMAIL":"teamboapp@gmail.com","PASSWORD":"hibuddycool1","FIREBASE_CONFIG":"{\"projectId\":\"clearhire-d91d9\",\"storageBucket\":\"clearhire-d91d9.appspot.com\",\"locationId\":\"us-central\"}","GCLOUD_PROJECT":"clearhire-d91d9","EVENTARC_CLOUD_EVENT_SOURCE":"projects/clearhire-d91d9/locations/us-central1/functions/sendMail"},"runtime":"nodejs18","buildEnvironmentVariables":{"GOOGLE_NODE_RUN_SCRIPTS":""},"dockerRegistry":"ARTIFACT_REGISTRY"},"versionId":"1","updateTime":"2023-05-23T06:04:21Z"}}
[debug] [2023-05-23T05:36:44.334Z] [create-default-us-central1-sendMail] Retrying task index 0
[debug] [2023-05-23T05:36:44.335Z] >>> [apiv2][query] GET https://cloudfunctions.googleapis.com/v1/operations/Y2xlYXJoaXJlLWQ5MWQ5L3VzLWNlbnRyYWwxL3NlbmRNYWlsL0JSc0ZYWE5LZEpr [none]
[debug] [2023-05-23T05:36:44.871Z] <<< [apiv2][status] GET https://cloudfunctions.googleapis.com/v1/operations/Y2xlYXJoaXJlLWQ5MWQ5L3VzLWNlbnRyYWwxL3NlbmRNYWlsL0JSc0ZYWE5LZEpr 200
[debug] [2023-05-23T05:36:44.871Z] <<< [apiv2][body] GET https://cloudfunctions.googleapis.com/v1/operations/Y2xlYXJoaXJlLWQ5MWQ5L3VzLWNlbnRyYWwxL3NlbmRNYWlsL0JSc0ZYWE5LZEpr {"name":"operations/Y2xlYXJoaXJlLWQ5MWQ5L3VzLWNlbnRyYWwxL3NlbmRNYWlsL0JSc0ZYWE5LZEpr","metadata":{"@type":"type.googleapis.com/google.cloud.functions.v1.OperationMetadataV1","target":"projects/clearhire-d91d9/locations/us-central1/functions/sendMail","type":"CREATE_FUNCTION","request":{"@type":"type.googleapis.com/google.cloud.functions.v1.CloudFunction","name":"projects/clearhire-d91d9/locations/us-central1/functions/sendMail","httpsTrigger":{"securityLevel":"SECURE_ALWAYS"},"entryPoint":"sendMail","labels":{"deployment-tool":"cli-firebase","firebase-functions-hash":"adce1a8989e59334deb18a30037c89979b5a4495"},"sourceUploadUrl":"https://storage.googleapis.com/uploads-235584718755.us-central1.cloudfunctions.appspot.com/16be2e77-5796-4cdd-851e-95ecae08e430.zip?GoogleAccessId=service-910930623340@gcf-admin-robot.iam.gserviceaccount.com&Expires=1684823656&Signature=U9UebDwqo62yY4qMIdJnEsadewtY4MYeVhTaZv0ggDQ1qi56NERFHBHN9XRi%2Fl7EGn%2BniEIN%2FXvvq5SchJf8zyjGb9w3arkImtjlsqnzU74qRLHGtVNLZhHzE9K1p6nuwqcttwwg82Xixzoaw8J%2Fyl6pWOcOsC28U4AraGRFok4VUjgcwUoscQ3EDlIHU8Ix5qbLUwe2U5hXbOlYClYzdlZIh%2Fu8qHw6mQ2DqIo%2BHMjFD8zcsXxnVjJzQzrXazR%2BwEpcAJ7B4EYyjbds4sZ%2FYDRk%2FG0BFc7Yi%2BItLh6NI8Jp5Dn55hOLRDzOztxoQfTCxCozAIGHmknRvAxyeVj7fA%3D%3D","environmentVariables":{"EMAIL":"teamboapp@gmail.com","PASSWORD":"hibuddycool1","FIREBASE_CONFIG":"{\"projectId\":\"clearhire-d91d9\",\"storageBucket\":\"clearhire-d91d9.appspot.com\",\"locationId\":\"us-central\"}","GCLOUD_PROJECT":"clearhire-d91d9","EVENTARC_CLOUD_EVENT_SOURCE":"projects/clearhire-d91d9/locations/us-central1/functions/sendMail"},"runtime":"nodejs18","buildEnvironmentVariables":{"GOOGLE_NODE_RUN_SCRIPTS":""},"dockerRegistry":"ARTIFACT_REGISTRY"},"versionId":"1","updateTime":"2023-05-23T06:04:21Z","buildId":"602ad31d-3eb6-4e21-be0d-9f2c9cd9817d","buildName":"projects/910930623340/locations/us-central1/builds/602ad31d-3eb6-4e21-be0d-9f2c9cd9817d"}}
[debug] [2023-05-23T05:36:52.882Z] [create-default-us-central1-sendMail] Retrying task index 0
[debug] [2023-05-23T05:36:52.883Z] >>> [apiv2][query] GET https://cloudfunctions.googleapis.com/v1/operations/Y2xlYXJoaXJlLWQ5MWQ5L3VzLWNlbnRyYWwxL3NlbmRNYWlsL0JSc0ZYWE5LZEpr [none]
[debug] [2023-05-23T05:36:53.355Z] <<< [apiv2][status] GET https://cloudfunctions.googleapis.com/v1/operations/Y2xlYXJoaXJlLWQ5MWQ5L3VzLWNlbnRyYWwxL3NlbmRNYWlsL0JSc0ZYWE5LZEpr 200
[debug] [2023-05-23T05:36:53.355Z] <<< [apiv2][body] GET https://cloudfunctions.googleapis.com/v1/operations/Y2xlYXJoaXJlLWQ5MWQ5L3VzLWNlbnRyYWwxL3NlbmRNYWlsL0JSc0ZYWE5LZEpr {"name":"operations/Y2xlYXJoaXJlLWQ5MWQ5L3VzLWNlbnRyYWwxL3NlbmRNYWlsL0JSc0ZYWE5LZEpr","metadata":{"@type":"type.googleapis.com/google.cloud.functions.v1.OperationMetadataV1","target":"projects/clearhire-d91d9/locations/us-central1/functions/sendMail","type":"CREATE_FUNCTION","request":{"@type":"type.googleapis.com/google.cloud.functions.v1.CloudFunction","name":"projects/clearhire-d91d9/locations/us-central1/functions/sendMail","httpsTrigger":{"securityLevel":"SECURE_ALWAYS"},"entryPoint":"sendMail","labels":{"deployment-tool":"cli-firebase","firebase-functions-hash":"adce1a8989e59334deb18a30037c89979b5a4495"},"sourceUploadUrl":"https://storage.googleapis.com/uploads-235584718755.us-central1.cloudfunctions.appspot.com/16be2e77-5796-4cdd-851e-95ecae08e430.zip?GoogleAccessId=service-910930623340@gcf-admin-robot.iam.gserviceaccount.com&Expires=1684823656&Signature=U9UebDwqo62yY4qMIdJnEsadewtY4MYeVhTaZv0ggDQ1qi56NERFHBHN9XRi%2Fl7EGn%2BniEIN%2FXvvq5SchJf8zyjGb9w3arkImtjlsqnzU74qRLHGtVNLZhHzE9K1p6nuwqcttwwg82Xixzoaw8J%2Fyl6pWOcOsC28U4AraGRFok4VUjgcwUoscQ3EDlIHU8Ix5qbLUwe2U5hXbOlYClYzdlZIh%2Fu8qHw6mQ2DqIo%2BHMjFD8zcsXxnVjJzQzrXazR%2BwEpcAJ7B4EYyjbds4sZ%2FYDRk%2FG0BFc7Yi%2BItLh6NI8Jp5Dn55hOLRDzOztxoQfTCxCozAIGHmknRvAxyeVj7fA%3D%3D","environmentVariables":{"EMAIL":"teamboapp@gmail.com","PASSWORD":"hibuddycool1","FIREBASE_CONFIG":"{\"projectId\":\"clearhire-d91d9\",\"storageBucket\":\"clearhire-d91d9.appspot.com\",\"locationId\":\"us-central\"}","GCLOUD_PROJECT":"clearhire-d91d9","EVENTARC_CLOUD_EVENT_SOURCE":"projects/clearhire-d91d9/locations/us-central1/functions/sendMail"},"runtime":"nodejs18","buildEnvironmentVariables":{"GOOGLE_NODE_RUN_SCRIPTS":""},"dockerRegistry":"ARTIFACT_REGISTRY"},"versionId":"1","updateTime":"2023-05-23T06:04:21Z","buildId":"602ad31d-3eb6-4e21-be0d-9f2c9cd9817d","buildName":"projects/910930623340/locations/us-central1/builds/602ad31d-3eb6-4e21-be0d-9f2c9cd9817d"}}
